<?xml version='1.0'?>
<ns2:test-suite xmlns:ns2='urn:model.allure.qatools.yandex.ru' start='1629358500065' stop='1629358518691'>
    <name>Expense Type Verify Save Functionality</name>
    <title>Expense Type Verify Save Functionality</title>
    <test-cases>
        <test-case start='1629358500065' status='failed' stop='1629358508488'>
            <name>Add Expense Type </name>
            <title>Add Expense Type </title>
            <labels/>
            <parameters/>
            <steps/>
            <attachments/>
            <failure>
                <message>Timed out retrying after 4000ms: Expected to find element: `.toast-message`, but never found it.</message>
                <stack-trace>AssertionError: Timed out retrying after 4000ms: Expected to find element: `.toast-message`, but never found it.
                    at eval (https://pockethrmsnext.azurewebsites.net/__cypress/tests?p=cypress\integration\2_Expense\01_Expense%20Type.js:200:32)
                    at itCallback (https://pockethrmsnext.azurewebsites.net/__cypress/tests?p=cypress\support\index.js:356:3)
                    at Context.eval (https://pockethrmsnext.azurewebsites.net/__cypress/tests?p=cypress\support\index.js:380:32)</stack-trace>
            </failure>
        </test-case>
        <test-case start='1629358508491' status='failed' stop='1629358518591'>
            <name>Verify Added Expense Type details</name>
            <title>Verify Added Expense Type details</title>
            <labels/>
            <parameters/>
            <steps/>
            <attachments/>
            <failure>
                <message>Timed out retrying after 4000ms: Expected to find element: `[title="Buisness Type"]`, but never found it.</message>
                <stack-trace>AssertionError: Timed out retrying after 4000ms: Expected to find element: `[title="Buisness Type"]`, but never found it.
                    at Context.eval (https://pockethrmsnext.azurewebsites.net/__cypress/tests?p=cypress\integration\2_Expense\01_Expense%20Type.js:210:12)</stack-trace>
            </failure>
        </test-case>
    </test-cases>
</ns2:test-suite>