<?xml version='1.0'?>
<ns2:test-suite xmlns:ns2='urn:model.allure.qatools.yandex.ru' start='1629358518702' stop='1629358540449'>
    <name>Expense Type Verify Update Functionality</name>
    <title>Expense Type Verify Update Functionality</title>
    <test-cases>
        <test-case start='1629358518703' status='failed' stop='1629358530149'>
            <name>Update Expense Type</name>
            <title>Update Expense Type</title>
            <labels/>
            <parameters/>
            <steps/>
            <attachments/>
            <failure>
                <message>Timed out retrying after 4000ms: Expected to find element: `.toast-message`, but never found it.</message>
                <stack-trace>AssertionError: Timed out retrying after 4000ms: Expected to find element: `.toast-message`, but never found it.
                    at Context.eval (https://pockethrmsnext.azurewebsites.net/__cypress/tests?p=cypress\integration\2_Expense\01_Expense%20Type.js:244:34)</stack-trace>
            </failure>
        </test-case>
        <test-case start='1629358530153' status='failed' stop='1629358540308'>
            <name>Verify Updated Expense Type details</name>
            <title>Verify Updated Expense Type details</title>
            <labels/>
            <parameters/>
            <steps/>
            <attachments/>
            <failure>
                <message>Timed out retrying after 4000ms: Expected to find element: `[title="Buisness Type"]`, but never found it.</message>
                <stack-trace>AssertionError: Timed out retrying after 4000ms: Expected to find element: `[title="Buisness Type"]`, but never found it.
                    at Context.eval (https://pockethrmsnext.azurewebsites.net/__cypress/tests?p=cypress\integration\2_Expense\01_Expense%20Type.js:255:12)</stack-trace>
            </failure>
        </test-case>
    </test-cases>
</ns2:test-suite>